<?xml version="1.0" encoding="UTF-8"?>
<testng-results skipped="0" failed="0" total="1" passed="1">
  <reporter-output>
  </reporter-output>
  <suite name="Default suite" duration-ms="522" started-at="2020-12-22T15:49:35Z" finished-at="2020-12-22T15:49:35Z">
    <groups>
    </groups>
    <test name="Default test" duration-ms="522" started-at="2020-12-22T15:49:35Z" finished-at="2020-12-22T15:49:35Z">
      <class name="script.Sample">
        <test-method status="PASS" signature="disp()[pri:0, instance:script.Sample@e25b2fe]" name="disp" duration-ms="96" started-at="2020-12-22T21:19:35Z" finished-at="2020-12-22T21:19:35Z">
          <reporter-output>
          </reporter-output>
        </test-method> <!-- disp -->
      </class> <!-- script.Sample -->
    </test> <!-- Default test -->
  </suite> <!-- Default suite -->
</testng-results>
