<?xml version="1.0" encoding="UTF-8"?>
<testng-results skipped="0" failed="0" total="1" passed="1">
  <reporter-output>
  </reporter-output>
  <suite name="Default suite" duration-ms="151" started-at="2020-12-21T15:14:07Z" finished-at="2020-12-21T15:14:07Z">
    <groups>
    </groups>
    <test name="Default test" duration-ms="151" started-at="2020-12-21T15:14:07Z" finished-at="2020-12-21T15:14:07Z">
      <class name="script.Sample">
        <test-method status="PASS" signature="disp()[pri:0, instance:script.Sample@2344fc66]" name="disp" duration-ms="51" started-at="2020-12-21T20:44:07Z" finished-at="2020-12-21T20:44:07Z">
          <reporter-output>
          </reporter-output>
        </test-method> <!-- disp -->
      </class> <!-- script.Sample -->
    </test> <!-- Default test -->
  </suite> <!-- Default suite -->
</testng-results>
